<?xml version="1.0" encoding="UTF-8"?>
<!-- Generated by org.testng.reporters.JUnitReportReporter -->
<testsuite skipped="0" hostname="DESKTOP-Q2RM1HI" name="Nopcommerce_test.Logintest" tests="4" failures="0" timestamp="2022-01-07T16:20:36 IST" time="6.908" errors="0">
  <testcase name="login" time="4.098" classname="Nopcommerce_test.Logintest"/>
  <system-out/>
  <testcase name="verifyTitle" time="2.017" classname="Nopcommerce_test.Logintest"/>
  <system-out/>
  <testcase name="verifyLogo" time="0.092" classname="Nopcommerce_test.Logintest"/>
  <system-out/>
  <testcase name="logout" time="0.701" classname="Nopcommerce_test.Logintest"/>
  <system-out/>
</testsuite> <!-- Nopcommerce_test.Logintest -->
