<?xml version="1.0" encoding="UTF-8"?>
<!-- Generated by org.testng.reporters.JUnitReportReporter -->
<testsuite skipped="0" hostname="DESKTOP-Q2RM1HI" name="Nopcommerce_test.Addnew_customer" tests="5" failures="0" timestamp="2022-01-07T16:20:36 IST" time="18.371" errors="0">
  <testcase name="login" time="4.459" classname="Nopcommerce_test.Addnew_customer"/>
  <system-out/>
  <testcase name="customer_sec" time="5.575" classname="Nopcommerce_test.Addnew_customer"/>
  <system-out/>
  <testcase name="Add_new_customer" time="1.969" classname="Nopcommerce_test.Addnew_customer"/>
  <system-out/>
  <testcase name="Add_new_customer1" time="4.990" classname="Nopcommerce_test.Addnew_customer"/>
  <system-out/>
  <testcase name="logout" time="1.378" classname="Nopcommerce_test.Addnew_customer"/>
  <system-out/>
</testsuite> <!-- Nopcommerce_test.Addnew_customer -->
