<?xml version="1.0" encoding="UTF-8"?>
<!-- Generated by org.testng.reporters.JUnitReportReporter -->
<testsuite hostname="LAPTOP-P8RHS7R7" failures="0" tests="5" name="Nopcommerce_test.Addnew_customer" time="18.778" errors="0" timestamp="2022-01-13T08:11:03 IST" skipped="0">
  <testcase classname="Nopcommerce_test.Addnew_customer" name="login" time="7.364"/>
  <system-out/>
  <testcase classname="Nopcommerce_test.Addnew_customer" name="customer_sec" time="3.539"/>
  <system-out/>
  <testcase classname="Nopcommerce_test.Addnew_customer" name="Add_new_customer" time="2.219"/>
  <system-out/>
  <testcase classname="Nopcommerce_test.Addnew_customer" name="Add_new_customer1" time="3.247"/>
  <system-out/>
  <testcase classname="Nopcommerce_test.Addnew_customer" name="logout" time="2.409"/>
  <system-out/>
</testsuite> <!-- Nopcommerce_test.Addnew_customer -->
