<?xml version="1.0" encoding="UTF-8"?>
<!-- Generated by org.testng.reporters.JUnitReportReporter -->
<testsuite hostname="LAPTOP-P8RHS7R7" failures="0" tests="4" name="Nopcommerce_test.Logintest" time="9.833" errors="0" timestamp="2022-01-13T08:11:03 IST" skipped="0">
  <testcase classname="Nopcommerce_test.Logintest" name="login" time="6.186"/>
  <system-out/>
  <testcase classname="Nopcommerce_test.Logintest" name="verifyTitle" time="2.050"/>
  <system-out/>
  <testcase classname="Nopcommerce_test.Logintest" name="verifyLogo" time="0.078"/>
  <system-out/>
  <testcase classname="Nopcommerce_test.Logintest" name="logout" time="1.519"/>
  <system-out/>
</testsuite> <!-- Nopcommerce_test.Logintest -->
